<?xml version="1.0" encoding="UTF-8"?>
<testsuite name="Aula.CI.DanielCardoso.LibraryTest" tests="1" skipped="0" failures="0" errors="0" timestamp="2021-08-19T23:33:54" hostname="9ab83c0b7460" time="0.024">
  <properties/>
  <testcase name="testSomeLibraryMethod" classname="Aula.CI.DanielCardoso.LibraryTest" time="0.024"/>
  <system-out><![CDATA[]]></system-out>
  <system-err><![CDATA[]]></system-err>
</testsuite>
